M:/!!!##Y'ALL SORT THIS HERE MUZ/##DONE/Zero 7/2001 - Simple things
M:/!!!##Y'ALL SORT THIS HERE MUZ/##DONE/Zero 7/2001 - Simple things
M:/!!!##Y'ALL SORT THIS HERE MUZ/##DONE/Zero 7/2001 - Simple things
M:/!!!##Y'ALL SORT THIS HERE MUZ/##DONE/Zero 7/2001 - Simple things
M:/!!!##Y'ALL SORT THIS HERE MUZ/##DONE/Zero 7/2001 - Simple things
M:/!!!##Y'ALL SORT THIS HERE MUZ/##DONE/Zero 7/2001 - Simple things
M:/!!!##Y'ALL SORT THIS HERE MUZ/##DONE/Zero 7/2001 - Simple things
M:/!!!##Y'ALL SORT THIS HERE MUZ/##DONE/Zero 7/2001 - Simple things
M:/!!!##Y'ALL SORT THIS HERE MUZ/##DONE/Zero 7/2001 - Simple things
M:/!!!##Y'ALL SORT THIS HERE MUZ/##DONE/Zero 7/2001 - Simple things
M:/!!!##Y'ALL SORT THIS HERE MUZ/##DONE/Zero 7/2001 - Simple things
M:/!!!##Y'ALL SORT THIS HERE MUZ/##DONE/Zero 7/2001 - Simple things
M:/!!!##Y'ALL SORT THIS HERE MUZ/##DONE/Zero 7/2001 - Simple things
M:/!!!##Y'ALL SORT THIS HERE MUZ/##DONE/Zero 7/2001 - Simple things
M:/!!!##Y'ALL SORT THIS HERE MUZ/##DONE/Wolfmother/Others
M:/!!!##Y'ALL SORT THIS HERE MUZ/##DONE/Wolfmother/Others
M:/!!!##Y'ALL SORT THIS HERE MUZ/##DONE/Wolfmother/Others
M:/!!!##Y'ALL SORT THIS HERE MUZ/##DONE/Wolfmother/2009 - Cosmic egg
M:/!!!##Y'ALL SORT THIS HERE MUZ/##DONE/Wolfmother/2009 - Cosmic egg
M:/!!!##Y'ALL SORT THIS HERE MUZ/##DONE/Wolfmother/2009 - Cosmic egg
M:/!!!##Y'ALL SORT THIS HERE MUZ/##DONE/Wolfmother/2009 - Cosmic egg
M:/!!!##Y'ALL SORT THIS HERE MUZ/##DONE/Wolfmother/2009 - Cosmic egg
M:/!!!##Y'ALL SORT THIS HERE MUZ/##DONE/Wolfmother/2009 - Cosmic egg
M:/!!!##Y'ALL SORT THIS HERE MUZ/##DONE/Wolfmother/2009 - Cosmic egg
M:/!!!##Y'ALL SORT THIS HERE MUZ/##DONE/Wolfmother/2009 - Cosmic egg
M:/!!!##Y'ALL SORT THIS HERE MUZ/##DONE/Wolfmother/2009 - Cosmic egg
M:/!!!##Y'ALL SORT THIS HERE MUZ/##DONE/Wolfmother/2009 - Cosmic egg
M:/!!!##Y'ALL SORT THIS HERE MUZ/##DONE/Wolfmother/2009 - Cosmic egg
M:/!!!##Y'ALL SORT THIS HERE MUZ/##DONE/Wolfmother/2009 - Cosmic egg
M:/!!!##Y'ALL SORT THIS HERE MUZ/##DONE/Wolfmother/2009 - Cosmic egg
M:/!!!##Y'ALL SORT THIS HERE MUZ/##DONE/Wolfmother/2009 - Cosmic egg
M:/!!!##Y'ALL SORT THIS HERE MUZ/##DONE/Wolfmother/2009 - Cosmic egg
M:/!!!##Y'ALL SORT THIS HERE MUZ/##DONE/Wolfmother/2009 - Cosmic egg
M:/!!!##Y'ALL SORT THIS HERE MUZ/##DONE/Wolfmother/2006 - Wolfmother
M:/!!!##Y'ALL SORT THIS HERE MUZ/##DONE/Wolfmother/2006 - Wolfmother
M:/!!!##Y'ALL SORT THIS HERE MUZ/##DONE/Wolfmother/2006 - Wolfmother
M:/!!!##Y'ALL SORT THIS HERE MUZ/##DONE/Wolfmother/2006 - Wolfmother
M:/!!!##Y'ALL SORT THIS HERE MUZ/##DONE/Wolfmother/2006 - Wolfmother
M:/!!!##Y'ALL SORT THIS HERE MUZ/##DONE/Wolfmother/2006 - Wolfmother
M:/!!!##Y'ALL SORT THIS HERE MUZ/##DONE/Wolfmother/2006 - Wolfmother
M:/!!!##Y'ALL SORT THIS HERE MUZ/##DONE/Wolfmother/2006 - Wolfmother
M:/!!!##Y'ALL SORT THIS HERE MUZ/##DONE/Wolfmother/2006 - Wolfmother
M:/!!!##Y'ALL SORT THIS HERE MUZ/##DONE/Wolfmother/2006 - Wolfmother
M:/!!!##Y'ALL SORT THIS HERE MUZ/##DONE/Wolfmother/2006 - Wolfmother
M:/!!!##Y'ALL SORT THIS HERE MUZ/##DONE/Wolfmother/2006 - Wolfmother
M:/!!!##Y'ALL SORT THIS HERE MUZ/##DONE/Within Temptaption others
M:/!!!##Y'ALL SORT THIS HERE MUZ/##DONE/Within Temptaption others
M:/!!!##Y'ALL SORT THIS HERE MUZ/##DONE/W.A.S.P/2007 - Dominator
M:/!!!##Y'ALL SORT THIS HERE MUZ/##DONE/W.A.S.P/2007 - Dominator
M:/!!!##Y'ALL SORT THIS HERE MUZ/##DONE/W.A.S.P/2007 - Dominator
M:/!!!##Y'ALL SORT THIS HERE MUZ/##DONE/W.A.S.P/2007 - Dominator
M:/!!!##Y'ALL SORT THIS HERE MUZ/##DONE/W.A.S.P/2007 - Dominator
M:/!!!##Y'ALL SORT THIS HERE MUZ/##DONE/W.A.S.P/2007 - Dominator
M:/!!!##Y'ALL SORT THIS HERE MUZ/##DONE/W.A.S.P/2007 - Dominator
M:/!!!##Y'ALL SORT THIS HERE MUZ/##DONE/W.A.S.P/2007 - Dominator
M:/!!!##Y'ALL SORT THIS HERE MUZ/##DONE/W.A.S.P/2007 - Dominator
M:/!!!##Y'ALL SORT THIS HERE MUZ/##DONE/W.A.S.P/1992 - The crimson idol
M:/!!!##Y'ALL SORT THIS HERE MUZ/##DONE/W.A.S.P/1992 - The crimson idol
M:/!!!##Y'ALL SORT THIS HERE MUZ/##DONE/W.A.S.P/1992 - The crimson idol
M:/!!!##Y'ALL SORT THIS HERE MUZ/##DONE/W.A.S.P/1992 - The crimson idol
M:/!!!##Y'ALL SORT THIS HERE MUZ/##DONE/W.A.S.P/1992 - The crimson idol
M:/!!!##Y'ALL SORT THIS HERE MUZ/##DONE/W.A.S.P/1992 - The crimson idol
M:/!!!##Y'ALL SORT THIS HERE MUZ/##DONE/W.A.S.P/1992 - The crimson idol
M:/!!!##Y'ALL SORT THIS HERE MUZ/##DONE/W.A.S.P/1992 - The crimson idol
M:/!!!##Y'ALL SORT THIS HERE MUZ/##DONE/W.A.S.P/1992 - The crimson idol
M:/!!!##Y'ALL SORT THIS HERE MUZ/##DONE/W.A.S.P/1992 - The crimson idol
M:/!!!##Y'ALL SORT THIS HERE MUZ/##DONE/W.A.S.P/1984 - W.A.S.P
M:/!!!##Y'ALL SORT THIS HERE MUZ/##DONE/W.A.S.P/1984 - W.A.S.P
M:/!!!##Y'ALL SORT THIS HERE MUZ/##DONE/W.A.S.P/1984 - W.A.S.P
M:/!!!##Y'ALL SORT THIS HERE MUZ/##DONE/W.A.S.P/1984 - W.A.S.P
M:/!!!##Y'ALL SORT THIS HERE MUZ/##DONE/W.A.S.P/1984 - W.A.S.P
M:/!!!##Y'ALL SORT THIS HERE MUZ/##DONE/W.A.S.P/1984 - W.A.S.P
M:/!!!##Y'ALL SORT THIS HERE MUZ/##DONE/W.A.S.P/1984 - W.A.S.P
M:/!!!##Y'ALL SORT THIS HERE MUZ/##DONE/W.A.S.P/1984 - W.A.S.P
M:/!!!##Y'ALL SORT THIS HERE MUZ/##DONE/W.A.S.P/1984 - W.A.S.P
M:/!!!##Y'ALL SORT THIS HERE MUZ/##DONE/W.A.S.P/1984 - W.A.S.P
M:/!!!##Y'ALL SORT THIS HERE MUZ/##DONE/Venetian Snares/2008 - Detrimentalist
M:/!!!##Y'ALL SORT THIS HERE MUZ/##DONE/Venetian Snares/2008 - Detrimentalist
M:/!!!##Y'ALL SORT THIS HERE MUZ/##DONE/Venetian Snares/2008 - Detrimentalist
M:/!!!##Y'ALL SORT THIS HERE MUZ/##DONE/Venetian Snares/2008 - Detrimentalist
M:/!!!##Y'ALL SORT THIS HERE MUZ/##DONE/Venetian Snares/2008 - Detrimentalist
M:/!!!##Y'ALL SORT THIS HERE MUZ/##DONE/Venetian Snares/2008 - Detrimentalist
M:/!!!##Y'ALL SORT THIS HERE MUZ/##DONE/Venetian Snares/2008 - Detrimentalist
M:/!!!##Y'ALL SORT THIS HERE MUZ/##DONE/Venetian Snares/2008 - Detrimentalist
M:/!!!##Y'ALL SORT THIS HERE MUZ/##DONE/Venetian Snares/2008 - Detrimentalist
M:/!!!##Y'ALL SORT THIS HERE MUZ/##DONE/Venetian Snares/2008 - Detrimentalist
M:/!!!##Y'ALL SORT THIS HERE MUZ/##DONE/Venetian Snares/2005 - Rossz csillag alatt született
M:/!!!##Y'ALL SORT THIS HERE MUZ/##DONE/Venetian Snares/2005 - Rossz csillag alatt született
M:/!!!##Y'ALL SORT THIS HERE MUZ/##DONE/Venetian Snares/2005 - Rossz csillag alatt született
M:/!!!##Y'ALL SORT THIS HERE MUZ/##DONE/Venetian Snares/2005 - Rossz csillag alatt született
M:/!!!##Y'ALL SORT THIS HERE MUZ/##DONE/Venetian Snares/2005 - Rossz csillag alatt született
M:/!!!##Y'ALL SORT THIS HERE MUZ/##DONE/Venetian Snares/2005 - Rossz csillag alatt született
M:/!!!##Y'ALL SORT THIS HERE MUZ/##DONE/Venetian Snares/2005 - Rossz csillag alatt született
M:/!!!##Y'ALL SORT THIS HERE MUZ/##DONE/Venetian Snares/2005 - Rossz csillag alatt született
M:/!!!##Y'ALL SORT THIS HERE MUZ/##DONE/Venetian Snares/2005 - Rossz csillag alatt született
M:/!!!##Y'ALL SORT THIS HERE MUZ/##DONE/Venetian Snares/2005 - Rossz csillag alatt született
M:/!!!##Y'ALL SORT THIS HERE MUZ/##DONE/Venetian Snares/2005 - Rossz csillag alatt született
M:/!!!##Y'ALL SORT THIS HERE MUZ/##DONE/UNKLE/Others
M:/!!!##Y'ALL SORT THIS HERE MUZ/##DONE/UNKLE/Others
M:/!!!##Y'ALL SORT THIS HERE MUZ/##DONE/UNKLE/Others
M:/!!!##Y'ALL SORT THIS HERE MUZ/##DONE/UNKLE/Others
M:/!!!##Y'ALL SORT THIS HERE MUZ/##DONE/UNKLE/2010 - Where did the night fall
M:/!!!##Y'ALL SORT THIS HERE MUZ/##DONE/UNKLE/2010 - Where did the night fall
M:/!!!##Y'ALL SORT THIS HERE MUZ/##DONE/UNKLE/2010 - Where did the night fall
M:/!!!##Y'ALL SORT THIS HERE MUZ/##DONE/UNKLE/2010 - Where did the night fall
M:/!!!##Y'ALL SORT THIS HERE MUZ/##DONE/UNKLE/2010 - Where did the night fall
M:/!!!##Y'ALL SORT THIS HERE MUZ/##DONE/UNKLE/2010 - Where did the night fall
M:/!!!##Y'ALL SORT THIS HERE MUZ/##DONE/UNKLE/2010 - Where did the night fall
M:/!!!##Y'ALL SORT THIS HERE MUZ/##DONE/UNKLE/2010 - Where did the night fall
M:/!!!##Y'ALL SORT THIS HERE MUZ/##DONE/UNKLE/2010 - Where did the night fall
M:/!!!##Y'ALL SORT THIS HERE MUZ/##DONE/UNKLE/2010 - Where did the night fall
M:/!!!##Y'ALL SORT THIS HERE MUZ/##DONE/UNKLE/2010 - Where did the night fall
M:/!!!##Y'ALL SORT THIS HERE MUZ/##DONE/UNKLE/2010 - Where did the night fall
M:/!!!##Y'ALL SORT THIS HERE MUZ/##DONE/UNKLE/2010 - Where did the night fall
M:/!!!##Y'ALL SORT THIS HERE MUZ/##DONE/UNKLE/2010 - Where did the night fall
M:/!!!##Y'ALL SORT THIS HERE MUZ/##DONE/UNKLE/2003 - Never, never, land
M:/!!!##Y'ALL SORT THIS HERE MUZ/##DONE/UNKLE/2003 - Never, never, land
M:/!!!##Y'ALL SORT THIS HERE MUZ/##DONE/UNKLE/2003 - Never, never, land
M:/!!!##Y'ALL SORT THIS HERE MUZ/##DONE/UNKLE/2003 - Never, never, land
M:/!!!##Y'ALL SORT THIS HERE MUZ/##DONE/UNKLE/2003 - Never, never, land
M:/!!!##Y'ALL SORT THIS HERE MUZ/##DONE/UNKLE/2003 - Never, never, land
M:/!!!##Y'ALL SORT THIS HERE MUZ/##DONE/UNKLE/2003 - Never, never, land
M:/!!!##Y'ALL SORT THIS HERE MUZ/##DONE/UNKLE/2003 - Never, never, land
M:/!!!##Y'ALL SORT THIS HERE MUZ/##DONE/UNKLE/2003 - Never, never, land
M:/!!!##Y'ALL SORT THIS HERE MUZ/##DONE/UNKLE/2003 - Never, never, land
M:/!!!##Y'ALL SORT THIS HERE MUZ/##DONE/UNKLE/1998 - Psyence fiction
M:/!!!##Y'ALL SORT THIS HERE MUZ/##DONE/UNKLE/1998 - Psyence fiction
M:/!!!##Y'ALL SORT THIS HERE MUZ/##DONE/UNKLE/1998 - Psyence fiction
M:/!!!##Y'ALL SORT THIS HERE MUZ/##DONE/UNKLE/1998 - Psyence fiction
M:/!!!##Y'ALL SORT THIS HERE MUZ/##DONE/UNKLE/1998 - Psyence fiction
M:/!!!##Y'ALL SORT THIS HERE MUZ/##DONE/UNKLE/1998 - Psyence fiction
M:/!!!##Y'ALL SORT THIS HERE MUZ/##DONE/UNKLE/1998 - Psyence fiction
M:/!!!##Y'ALL SORT THIS HERE MUZ/##DONE/UNKLE/1998 - Psyence fiction
M:/!!!##Y'ALL SORT THIS HERE MUZ/##DONE/UNKLE/1998 - Psyence fiction
M:/!!!##Y'ALL SORT THIS HERE MUZ/##DONE/UNKLE/1998 - Psyence fiction
M:/!!!##Y'ALL SORT THIS HERE MUZ/##DONE/UNKLE/1998 - Psyence fiction
M:/!!!##Y'ALL SORT THIS HERE MUZ/##DONE/Télépopmusik/2005 - Angel milk
M:/!!!##Y'ALL SORT THIS HERE MUZ/##DONE/Télépopmusik/2005 - Angel milk
M:/!!!##Y'ALL SORT THIS HERE MUZ/##DONE/Télépopmusik/2005 - Angel milk
M:/!!!##Y'ALL SORT THIS HERE MUZ/##DONE/Télépopmusik/2005 - Angel milk
M:/!!!##Y'ALL SORT THIS HERE MUZ/##DONE/Télépopmusik/2005 - Angel milk
M:/!!!##Y'ALL SORT THIS HERE MUZ/##DONE/Télépopmusik/2005 - Angel milk
M:/!!!##Y'ALL SORT THIS HERE MUZ/##DONE/Télépopmusik/2005 - Angel milk
M:/!!!##Y'ALL SORT THIS HERE MUZ/##DONE/Télépopmusik/2005 - Angel milk
M:/!!!##Y'ALL SORT THIS HERE MUZ/##DONE/Télépopmusik/2005 - Angel milk
M:/!!!##Y'ALL SORT THIS HERE MUZ/##DONE/Télépopmusik/2005 - Angel milk
M:/!!!##Y'ALL SORT THIS HERE MUZ/##DONE/Télépopmusik/2005 - Angel milk
M:/!!!##Y'ALL SORT THIS HERE MUZ/##DONE/Télépopmusik/2005 - Angel milk
M:/!!!##Y'ALL SORT THIS HERE MUZ/##DONE/Télépopmusik/2005 - Angel milk
M:/!!!##Y'ALL SORT THIS HERE MUZ/##DONE/Télépopmusik/2005 - Angel milk
M:/!!!##Y'ALL SORT THIS HERE MUZ/##DONE/Télépopmusik/2005 - Angel milk
M:/!!!##Y'ALL SORT THIS HERE MUZ/##DONE/Télépopmusik/2001 - Genetic world
M:/!!!##Y'ALL SORT THIS HERE MUZ/##DONE/Télépopmusik/2001 - Genetic world
M:/!!!##Y'ALL SORT THIS HERE MUZ/##DONE/Télépopmusik/2001 - Genetic world
M:/!!!##Y'ALL SORT THIS HERE MUZ/##DONE/Télépopmusik/2001 - Genetic world
M:/!!!##Y'ALL SORT THIS HERE MUZ/##DONE/Télépopmusik/2001 - Genetic world
M:/!!!##Y'ALL SORT THIS HERE MUZ/##DONE/Télépopmusik/2001 - Genetic world
M:/!!!##Y'ALL SORT THIS HERE MUZ/##DONE/Télépopmusik/2001 - Genetic world
M:/!!!##Y'ALL SORT THIS HERE MUZ/##DONE/Télépopmusik/2001 - Genetic world
M:/!!!##Y'ALL SORT THIS HERE MUZ/##DONE/Télépopmusik/2001 - Genetic world
M:/!!!##Y'ALL SORT THIS HERE MUZ/##DONE/Télépopmusik/2001 - Genetic world
M:/!!!##Y'ALL SORT THIS HERE MUZ/##DONE/Trivium/2005 - Ascendancy
M:/!!!##Y'ALL SORT THIS HERE MUZ/##DONE/Trivium/2005 - Ascendancy
M:/!!!##Y'ALL SORT THIS HERE MUZ/##DONE/Trivium/2005 - Ascendancy
M:/!!!##Y'ALL SORT THIS HERE MUZ/##DONE/Trivium/2005 - Ascendancy
M:/!!!##Y'ALL SORT THIS HERE MUZ/##DONE/Trivium/2005 - Ascendancy
M:/!!!##Y'ALL SORT THIS HERE MUZ/##DONE/Trivium/2005 - Ascendancy
M:/!!!##Y'ALL SORT THIS HERE MUZ/##DONE/Trivium/2005 - Ascendancy
M:/!!!##Y'ALL SORT THIS HERE MUZ/##DONE/Trivium/2005 - Ascendancy
M:/!!!##Y'ALL SORT THIS HERE MUZ/##DONE/Trivium/2005 - Ascendancy
M:/!!!##Y'ALL SORT THIS HERE MUZ/##DONE/Trivium/2005 - Ascendancy
M:/!!!##Y'ALL SORT THIS HERE MUZ/##DONE/Trivium/2005 - Ascendancy
M:/!!!##Y'ALL SORT THIS HERE MUZ/##DONE/Trivium/2005 - Ascendancy
M:/!!!##Y'ALL SORT THIS HERE MUZ/##DONE/Trivium/2003 - Ember to Inferno
M:/!!!##Y'ALL SORT THIS HERE MUZ/##DONE/Trivium/2003 - Ember to Inferno
M:/!!!##Y'ALL SORT THIS HERE MUZ/##DONE/Trivium/2003 - Ember to Inferno
M:/!!!##Y'ALL SORT THIS HERE MUZ/##DONE/Trivium/2003 - Ember to Inferno
M:/!!!##Y'ALL SORT THIS HERE MUZ/##DONE/Trivium/2003 - Ember to Inferno
M:/!!!##Y'ALL SORT THIS HERE MUZ/##DONE/Trivium/2003 - Ember to Inferno
M:/!!!##Y'ALL SORT THIS HERE MUZ/##DONE/Trivium/2003 - Ember to Inferno
M:/!!!##Y'ALL SORT THIS HERE MUZ/##DONE/Trivium/2003 - Ember to Inferno
M:/!!!##Y'ALL SORT THIS HERE MUZ/##DONE/Trivium/2003 - Ember to Inferno
M:/!!!##Y'ALL SORT THIS HERE MUZ/##DONE/Trivium/2003 - Ember to Inferno
M:/!!!##Y'ALL SORT THIS HERE MUZ/##DONE/Trivium/2003 - Ember to Inferno
M:/!!!##Y'ALL SORT THIS HERE MUZ/##DONE/Trivium/2003 - Ember to Inferno
M:/!!!##Y'ALL SORT THIS HERE MUZ/##DONE/Travka/2007 - Vreau sa simt Praga
M:/!!!##Y'ALL SORT THIS HERE MUZ/##DONE/Travka/2007 - Vreau sa simt Praga
M:/!!!##Y'ALL SORT THIS HERE MUZ/##DONE/Travka/2007 - Vreau sa simt Praga
M:/!!!##Y'ALL SORT THIS HERE MUZ/##DONE/Travka/2007 - Vreau sa simt Praga
M:/!!!##Y'ALL SORT THIS HERE MUZ/##DONE/Travka/2007 - Vreau sa simt Praga
M:/!!!##Y'ALL SORT THIS HERE MUZ/##DONE/Travka/2007 - Vreau sa simt Praga
M:/!!!##Y'ALL SORT THIS HERE MUZ/##DONE/Travka/2007 - Vreau sa simt Praga
M:/!!!##Y'ALL SORT THIS HERE MUZ/##DONE/Travka/2007 - Vreau sa simt Praga
M:/!!!##Y'ALL SORT THIS HERE MUZ/##DONE/Travka/2007 - Vreau sa simt Praga
M:/!!!##Y'ALL SORT THIS HERE MUZ/##DONE/Travka/2007 - Vreau sa simt Praga
M:/!!!##Y'ALL SORT THIS HERE MUZ/##DONE/Travka/2007 - Vreau sa simt Praga
M:/!!!##Y'ALL SORT THIS HERE MUZ/##DONE/Travka/2005 - Corabia nebunilor
M:/!!!##Y'ALL SORT THIS HERE MUZ/##DONE/Travka/2005 - Corabia nebunilor
M:/!!!##Y'ALL SORT THIS HERE MUZ/##DONE/Travka/2005 - Corabia nebunilor
M:/!!!##Y'ALL SORT THIS HERE MUZ/##DONE/Travka/2005 - Corabia nebunilor
M:/!!!##Y'ALL SORT THIS HERE MUZ/##DONE/Travka/2005 - Corabia nebunilor
M:/!!!##Y'ALL SORT THIS HERE MUZ/##DONE/Travka/2005 - Corabia nebunilor
M:/!!!##Y'ALL SORT THIS HERE MUZ/##DONE/Travka/2005 - Corabia nebunilor
M:/!!!##Y'ALL SORT THIS HERE MUZ/##DONE/Travka/2005 - Corabia nebunilor
M:/!!!##Y'ALL SORT THIS HERE MUZ/##DONE/Travka/2005 - Corabia nebunilor
M:/!!!##Y'ALL SORT THIS HERE MUZ/##DONE/Travka/2005 - Corabia nebunilor
M:/!!!##Y'ALL SORT THIS HERE MUZ/##DONE/Travka/2005 - Corabia nebunilor
M:/!!!##Y'ALL SORT THIS HERE MUZ/##DONE/Travka/2005 - Corabia nebunilor
M:/!!!##Y'ALL SORT THIS HERE MUZ/##DONE/Travis/2003 - 12 Memories
M:/!!!##Y'ALL SORT THIS HERE MUZ/##DONE/Travis/2003 - 12 Memories
M:/!!!##Y'ALL SORT THIS HERE MUZ/##DONE/Travis/2003 - 12 Memories
M:/!!!##Y'ALL SORT THIS HERE MUZ/##DONE/Travis/2003 - 12 Memories
M:/!!!##Y'ALL SORT THIS HERE MUZ/##DONE/Travis/2003 - 12 Memories
M:/!!!##Y'ALL SORT THIS HERE MUZ/##DONE/Travis/2003 - 12 Memories
M:/!!!##Y'ALL SORT THIS HERE MUZ/##DONE/Travis/2003 - 12 Memories
M:/!!!##Y'ALL SORT THIS HERE MUZ/##DONE/Travis/2003 - 12 Memories
M:/!!!##Y'ALL SORT THIS HERE MUZ/##DONE/Travis/2003 - 12 Memories
M:/!!!##Y'ALL SORT THIS HERE MUZ/##DONE/Travis/2003 - 12 Memories
M:/!!!##Y'ALL SORT THIS HERE MUZ/##DONE/Travis/2003 - 12 Memories
M:/!!!##Y'ALL SORT THIS HERE MUZ/##DONE/Travis/2001 - The invisible band
M:/!!!##Y'ALL SORT THIS HERE MUZ/##DONE/Travis/2001 - The invisible band
M:/!!!##Y'ALL SORT THIS HERE MUZ/##DONE/Travis/2001 - The invisible band
M:/!!!##Y'ALL SORT THIS HERE MUZ/##DONE/Travis/2001 - The invisible band
M:/!!!##Y'ALL SORT THIS HERE MUZ/##DONE/Travis/2001 - The invisible band
M:/!!!##Y'ALL SORT THIS HERE MUZ/##DONE/Travis/2001 - The invisible band
M:/!!!##Y'ALL SORT THIS HERE MUZ/##DONE/Travis/2001 - The invisible band
M:/!!!##Y'ALL SORT THIS HERE MUZ/##DONE/Travis/2001 - The invisible band
M:/!!!##Y'ALL SORT THIS HERE MUZ/##DONE/Travis/2001 - The invisible band
M:/!!!##Y'ALL SORT THIS HERE MUZ/##DONE/Travis/2001 - The invisible band
M:/!!!##Y'ALL SORT THIS HERE MUZ/##DONE/Travis/2001 - The invisible band
M:/!!!##Y'ALL SORT THIS HERE MUZ/##DONE/Travis/2001 - The invisible band
M:/!!!##Y'ALL SORT THIS HERE MUZ/##DONE/Tokio Hotel
M:/!!!##Y'ALL SORT THIS HERE MUZ/##DONE/Tokio Hotel
M:/!!!##Y'ALL SORT THIS HERE MUZ/##DONE/The Young Knives/2008 - Superabundance
M:/!!!##Y'ALL SORT THIS HERE MUZ/##DONE/The Young Knives/2008 - Superabundance
M:/!!!##Y'ALL SORT THIS HERE MUZ/##DONE/The Young Knives/2008 - Superabundance
M:/!!!##Y'ALL SORT THIS HERE MUZ/##DONE/The Young Knives/2008 - Superabundance
M:/!!!##Y'ALL SORT THIS HERE MUZ/##DONE/The Young Knives/2008 - Superabundance
M:/!!!##Y'ALL SORT THIS HERE MUZ/##DONE/The Young Knives/2008 - Superabundance
M:/!!!##Y'ALL SORT THIS HERE MUZ/##DONE/The Young Knives/2008 - Superabundance
M:/!!!##Y'ALL SORT THIS HERE MUZ/##DONE/The Young Knives/2008 - Superabundance
M:/!!!##Y'ALL SORT THIS HERE MUZ/##DONE/The Young Knives/2008 - Superabundance
M:/!!!##Y'ALL SORT THIS HERE MUZ/##DONE/The Young Knives/2008 - Superabundance
M:/!!!##Y'ALL SORT THIS HERE MUZ/##DONE/The Young Knives/2008 - Superabundance
M:/!!!##Y'ALL SORT THIS HERE MUZ/##DONE/The Young Knives/2008 - Superabundance
M:/!!!##Y'ALL SORT THIS HERE MUZ/##DONE/The Young Knives/2006 - Voices of animals and men
M:/!!!##Y'ALL SORT THIS HERE MUZ/##DONE/The Young Knives/2006 - Voices of animals and men
M:/!!!##Y'ALL SORT THIS HERE MUZ/##DONE/The Young Knives/2006 - Voices of animals and men
M:/!!!##Y'ALL SORT THIS HERE MUZ/##DONE/The Young Knives/2006 - Voices of animals and men
M:/!!!##Y'ALL SORT THIS HERE MUZ/##DONE/The Young Knives/2006 - Voices of animals and men
M:/!!!##Y'ALL SORT THIS HERE MUZ/##DONE/The Young Knives/2006 - Voices of animals and men
M:/!!!##Y'ALL SORT THIS HERE MUZ/##DONE/The Young Knives/2006 - Voices of animals and men
M:/!!!##Y'ALL SORT THIS HERE MUZ/##DONE/The Young Knives/2006 - Voices of animals and men
M:/!!!##Y'ALL SORT THIS HERE MUZ/##DONE/The Young Knives/2006 - Voices of animals and men
M:/!!!##Y'ALL SORT THIS HERE MUZ/##DONE/The Young Knives/2006 - Voices of animals and men
M:/!!!##Y'ALL SORT THIS HERE MUZ/##DONE/The Young Knives/2006 - Voices of animals and men
M:/!!!##Y'ALL SORT THIS HERE MUZ/##DONE/The Young Knives/2006 - Voices of animals and men
M:/!!!##Y'ALL SORT THIS HERE MUZ/##DONE/The Young Knives/2006 - Voices of animals and men
